<?xml version="1.0" encoding="UTF-8"?>
<!-- Generated by org.testng.reporters.JUnitReportReporter -->
<testsuite hostname="Kunals-MacBook-Pro.local" failures="0" tests="9" name="TC01Login" time="75.073" errors="0" timestamp="16 Jun 2020 09:52:32 GMT" skipped="0">
  <testcase classname="TC01Login" name="tc09VerifyValidPassword" time="1.465"/>
  <testcase classname="TC01Login" name="tc01VerifyScreenText" time="7.876"/>
  <testcase classname="TC01Login" name="tc02VerifyLogo" time="8.738"/>
  <testcase classname="TC01Login" name="tc06VerifyInvalidEmail" time="26.084"/>
  <testcase classname="TC01Login" name="tc03VerifyGetStarted" time="10.910"/>
  <testcase classname="TC01Login" name="tc04VerifyPlaceholders" time="0.274"/>
  <testcase classname="TC01Login" name="tc05VerifyEmptyEmail" time="0.708"/>
  <testcase classname="TC01Login" name="tc08VerifyBlankPassword" time="1.502"/>
  <testcase classname="TC01Login" name="tc07VerifyValidWithEmail" time="17.516"/>
</testsuite> <!-- TC01Login -->
